#
# A fatal error has been detected by the Java Runtime Environment:
#
#  EXCEPTION_ACCESS_VIOLATION (0xc0000005) at pc=0x0000000000000000, pid=7208, tid=1512
#
# JRE version: Java(TM) SE Runtime Environment (8.0_20-b26) (build 1.8.0_20-b26)
# Java VM: Java HotSpot(TM) 64-Bit Server VM (25.20-b23 mixed mode windows-amd64 compressed oops)
# Problematic frame:
# C  0x0000000000000000
#
# Failed to write core dump. Minidumps are not enabled by default on client versions of Windows
#
# If you would like to submit a bug report, please visit:
#   http://bugreport.sun.com/bugreport/crash.jsp
#

---------------  T H R E A D  ---------------

Current thread (0x0000000003379000):  JavaThread "main" [_thread_in_Java, id=1512, stack(0x0000000003270000,0x0000000003370000)]

siginfo: ExceptionCode=0xc0000005, ExceptionInformation=0x0000000000000008 0x0000000000000000

Registers:
RAX=0x000000076d3f36f0, RBX=0x000000001cbc9928, RCX=0x0000000003745540, RDX=0x000000076d3f36f0
RSP=0x000000000336c630, RBP=0x0000000003379000, RSI=0x000000001c751328, RDI=0x0000000000001808
R8 =0x00000006c4413358, R9 =0x00000006c4473050, R10=0x000000076d3f36f0, R11=0x0000000003de64c0
R12=0x0000000000000000, R13=0x000000000336c620, R14=0x0000000000000001, R15=0x0000000003379000
RIP=0x0000000000000000, EFLAGS=0x0000000000010246

Top of Stack: (sp=0x000000000336c630)
0x000000000336c630:   00000006c441f360 0000000059bfc722
0x000000000336c640:   000000000336c670 00000000040db85c
0x000000000336c650:   00000000040db85c 000000076d3f36f0
0x000000000336c660:   00000006c4413338 00000000040db85c
0x000000000336c670:   0000000000000000 0000000003379000
0x000000000336c680:   000000000336c720 0000000000000000
0x000000000336c690:   0000000003379000 0000000000000000
0x000000000336c6a0:   000000000336c6d0 0000000004019ebc
0x000000000336c6b0:   0000000004019ebc 0000000004019ebc
0x000000000336c6c0:   00000007730e95a0 00000006c4413338
0x000000000336c6d0:   0000003500000034 0000000774187f18
0x000000000336c6e0:   0000000773f88d58 00000000042a6974
0x000000000336c6f0:   000000000336c790 0000000000000003
0x000000000336c700:   000000000336cb08 00000000041f9784
0x000000000336c710:   000000000336c740 00000000040e3d0c
0x000000000336c720:   00000000040e3d0c 00000007730e95a0 

Instructions: (pc=0x0000000000000000)
0xffffffffffffffe0:   


Register to memory mapping:

RAX=0x000000076d3f36f0 is an oop
org.springframework.beans.factory.support.AutowireUtils$$Lambda$177/542839598 
 - klass: 'org/springframework/beans/factory/support/AutowireUtils$$Lambda$177'
RBX={method} {0x000000001cbc9930} 'identity' '(Ljava/lang/Object;)Ljava/lang/Object;' in 'sun/invoke/util/ValueConversions'
RCX=0x0000000003745540 is at begin+12 in a stub
MethodHandle::interpreter_entry::_linkToStatic [0x0000000003745534, 0x0000000003745558[ (36 bytes)
RDX=0x000000076d3f36f0 is an oop
org.springframework.beans.factory.support.AutowireUtils$$Lambda$177/542839598 
 - klass: 'org/springframework/beans/factory/support/AutowireUtils$$Lambda$177'
RSP=0x000000000336c630 is pointing into the stack for thread: 0x0000000003379000
RBP=0x0000000003379000 is a thread
RSI={method} {0x000000001c751330} 'invoke_L_L' '(Ljava/lang/invoke/MethodHandle;[Ljava/lang/Object;)Ljava/lang/Object;' in 'java/lang/invoke/LambdaForm$NamedFunction'
RDI=0x0000000000001808 is an unknown value
R8 =0x00000006c4413358 is an oop
java.lang.invoke.MemberName 
 - klass: 'java/lang/invoke/MemberName'
R9 =0x00000006c4473050 is an oop
java.lang.invoke.MemberName 
 - klass: 'java/lang/invoke/MemberName'
R10=0x000000076d3f36f0 is an oop
org.springframework.beans.factory.support.AutowireUtils$$Lambda$177/542839598 
 - klass: 'org/springframework/beans/factory/support/AutowireUtils$$Lambda$177'
R11=0x0000000003de64c0 is at entry_point+0 in (nmethod*)0x0000000003de6390
R12=0x0000000000000000 is an unknown value
R13=0x000000000336c620 is pointing into the stack for thread: 0x0000000003379000
R14=0x0000000000000001 is an unknown value
R15=0x0000000003379000 is a thread


Stack: [0x0000000003270000,0x0000000003370000],  sp=0x000000000336c630,  free space=1009k
Native frames: (J=compiled Java code, j=interpreted, Vv=VM code, C=native code)


---------------  P R O C E S S  ---------------

Java Threads: ( => current thread )
  0x000000001f01c800 JavaThread "Service Thread" daemon [_thread_blocked, id=13592, stack(0x000000001f9b0000,0x000000001fab0000)]
  0x000000001ef56800 JavaThread "C1 CompilerThread3" daemon [_thread_blocked, id=13028, stack(0x000000001f8b0000,0x000000001f9b0000)]
  0x000000001ef52800 JavaThread "C2 CompilerThread2" daemon [_thread_blocked, id=11748, stack(0x000000001f7b0000,0x000000001f8b0000)]
  0x000000001ef4d800 JavaThread "C2 CompilerThread1" daemon [_thread_blocked, id=15524, stack(0x000000001f6b0000,0x000000001f7b0000)]
  0x000000001ef4a800 JavaThread "C2 CompilerThread0" daemon [_thread_in_native, id=14236, stack(0x000000001f5b0000,0x000000001f6b0000)]
  0x000000001ef47800 JavaThread "Monitor Ctrl-Break" daemon [_thread_in_native, id=12332, stack(0x000000001f4b0000,0x000000001f5b0000)]
  0x000000001eee3000 JavaThread "Attach Listener" daemon [_thread_blocked, id=9412, stack(0x000000001f3b0000,0x000000001f4b0000)]
  0x000000001eee1800 JavaThread "Signal Dispatcher" daemon [_thread_blocked, id=15520, stack(0x000000001f2b0000,0x000000001f3b0000)]
  0x000000000346b800 JavaThread "Finalizer" daemon [_thread_blocked, id=9348, stack(0x000000001edb0000,0x000000001eeb0000)]
  0x000000000346a000 JavaThread "Reference Handler" daemon [_thread_blocked, id=11152, stack(0x000000001ecb0000,0x000000001edb0000)]
=>0x0000000003379000 JavaThread "main" [_thread_in_Java, id=1512, stack(0x0000000003270000,0x0000000003370000)]

Other Threads:
  0x000000001cec8800 VMThread [stack: 0x000000001ebb0000,0x000000001ecb0000] [id=12200]
  0x000000001f01d800 WatcherThread [stack: 0x000000001fab0000,0x000000001fbb0000] [id=15744]

VM state:not at safepoint (normal execution)

VM Mutex/Monitor currently owned by a thread: None

Heap:
 PSYoungGen      total 139264K, used 125906K [0x000000076c180000, 0x0000000777000000, 0x00000007c0000000)
  eden space 128512K, 89% used [0x000000076c180000,0x00000007731f7878,0x0000000773f00000)
  from space 10752K, 99% used [0x0000000773f00000,0x000000077497d2a0,0x0000000774980000)
  to   space 12288K, 0% used [0x0000000776400000,0x0000000776400000,0x0000000777000000)
 ParOldGen       total 100864K, used 8376K [0x00000006c4400000, 0x00000006ca680000, 0x000000076c180000)
  object space 100864K, 8% used [0x00000006c4400000,0x00000006c4c2e3d0,0x00000006ca680000)
 Metaspace       used 33368K, capacity 34640K, committed 34944K, reserved 1079296K
  class space    used 4654K, capacity 4865K, committed 4992K, reserved 1048576K

Card table byte_map: [0x0000000012a00000,0x00000000131e0000] byte_map_base: 0x000000000f3de000

Marking Bits: (ParMarkBitMap*) 0x000000005a1db460
 Begin Bits: [0x0000000013f20000, 0x0000000017e10000)
 End Bits:   [0x0000000017e10000, 0x000000001bd00000)

Polling page: 0x00000000030f0000

CodeCache: size=245760Kb used=13487Kb max_used=13503Kb free=232272Kb
 bounds [0x0000000003640000, 0x0000000004380000, 0x0000000012640000]
 total_blobs=5011 nmethods=4608 adapters=317
 compilation: enabled

Compilation events (10 events):
Event: 4.077 Thread 0x000000001ef4d800 nmethod 4365 0x0000000004373f10 code [0x00000000043741c0, 0x0000000004374c18]
Event: 4.077 Thread 0x000000001ef4d800 4545       4       org.springframework.asm.Label::getFirst (19 bytes)
Event: 4.077 Thread 0x000000001ef4d800 nmethod 4545 0x000000000426a810 code [0x000000000426a940, 0x000000000426a9b8]
Event: 4.077 Thread 0x000000001ef4d800 4385       4       java.lang.reflect.Modifier::isStatic (13 bytes)
Event: 4.078 Thread 0x000000001ef4d800 nmethod 4385 0x0000000004273d50 code [0x0000000004273e80, 0x0000000004273ed8]
Event: 4.078 Thread 0x000000001ef4d800 4174   !   4       java.net.URL::set (114 bytes)
Event: 4.079 Thread 0x000000001ef4d800 nmethod 4174 0x0000000004375090 code [0x00000000043751e0, 0x00000000043754d8]
Event: 4.079 Thread 0x000000001ef4d800 4678       4       java.util.Collections$EmptySet::contains (2 bytes)
Event: 4.079 Thread 0x000000001ef4d800 nmethod 4678 0x0000000004276650 code [0x0000000004276780, 0x00000000042767d8]
Event: 4.098 Thread 0x000000001ef52800 nmethod 4679 0x00000000043780d0 code [0x00000000043782a0, 0x0000000004379638]

GC Heap History (10 events):
Event: 1.574 GC heap before
{Heap before GC invocations=2 (full 0):
 PSYoungGen      total 75264K, used 71199K [0x000000076c180000, 0x0000000771580000, 0x00000007c0000000)
  eden space 64512K, 100% used [0x000000076c180000,0x0000000770080000,0x0000000770080000)
  from space 10752K, 62% used [0x0000000770080000,0x0000000770707e38,0x0000000770b00000)
  to   space 10752K, 0% used [0x0000000770b00000,0x0000000770b00000,0x0000000771580000)
 ParOldGen       total 172032K, used 80K [0x00000006c4400000, 0x00000006cec00000, 0x000000076c180000)
  object space 172032K, 0% used [0x00000006c4400000,0x00000006c4414010,0x00000006cec00000)
 Metaspace       used 17203K, capacity 17826K, committed 18048K, reserved 1064960K
  class space    used 2201K, capacity 2322K, committed 2432K, reserved 1048576K
Event: 1.586 GC heap after
Heap after GC invocations=2 (full 0):
 PSYoungGen      total 75264K, used 7343K [0x000000076c180000, 0x0000000775480000, 0x00000007c0000000)
  eden space 64512K, 0% used [0x000000076c180000,0x000000076c180000,0x0000000770080000)
  from space 10752K, 68% used [0x0000000770b00000,0x000000077122bdc8,0x0000000771580000)
  to   space 10752K, 0% used [0x0000000770080000,0x0000000770080000,0x0000000770b00000)
 ParOldGen       total 172032K, used 96K [0x00000006c4400000, 0x00000006cec00000, 0x000000076c180000)
  object space 172032K, 0% used [0x00000006c4400000,0x00000006c4418010,0x00000006cec00000)
 Metaspace       used 17203K, capacity 17826K, committed 18048K, reserved 1064960K
  class space    used 2201K, capacity 2322K, committed 2432K, reserved 1048576K
}
Event: 1.788 GC heap before
{Heap before GC invocations=3 (full 0):
 PSYoungGen      total 75264K, used 60438K [0x000000076c180000, 0x0000000775480000, 0x00000007c0000000)
  eden space 64512K, 82% used [0x000000076c180000,0x000000076f559e10,0x0000000770080000)
  from space 10752K, 68% used [0x0000000770b00000,0x000000077122bdc8,0x0000000771580000)
  to   space 10752K, 0% used [0x0000000770080000,0x0000000770080000,0x0000000770b00000)
 ParOldGen       total 172032K, used 96K [0x00000006c4400000, 0x00000006cec00000, 0x000000076c180000)
  object space 172032K, 0% used [0x00000006c4400000,0x00000006c4418010,0x00000006cec00000)
 Metaspace       used 20561K, capacity 21166K, committed 21296K, reserved 1067008K
  class space    used 2743K, capacity 2872K, committed 2944K, reserved 1048576K
Event: 1.799 GC heap after
Heap after GC invocations=3 (full 0):
 PSYoungGen      total 75264K, used 8081K [0x000000076c180000, 0x0000000775480000, 0x00000007c0000000)
  eden space 64512K, 0% used [0x000000076c180000,0x000000076c180000,0x0000000770080000)
  from space 10752K, 75% used [0x0000000770080000,0x0000000770864468,0x0000000770b00000)
  to   space 10752K, 0% used [0x0000000774a00000,0x0000000774a00000,0x0000000775480000)
 ParOldGen       total 172032K, used 104K [0x00000006c4400000, 0x00000006cec00000, 0x000000076c180000)
  object space 172032K, 0% used [0x00000006c4400000,0x00000006c441a010,0x00000006cec00000)
 Metaspace       used 20561K, capacity 21166K, committed 21296K, reserved 1067008K
  class space    used 2743K, capacity 2872K, committed 2944K, reserved 1048576K
}
Event: 1.799 GC heap before
{Heap before GC invocations=4 (full 1):
 PSYoungGen      total 75264K, used 8081K [0x000000076c180000, 0x0000000775480000, 0x00000007c0000000)
  eden space 64512K, 0% used [0x000000076c180000,0x000000076c180000,0x0000000770080000)
  from space 10752K, 75% used [0x0000000770080000,0x0000000770864468,0x0000000770b00000)
  to   space 10752K, 0% used [0x0000000774a00000,0x0000000774a00000,0x0000000775480000)
 ParOldGen       total 172032K, used 104K [0x00000006c4400000, 0x00000006cec00000, 0x000000076c180000)
  object space 172032K, 0% used [0x00000006c4400000,0x00000006c441a010,0x00000006cec00000)
 Metaspace       used 20561K, capacity 21166K, committed 21296K, reserved 1067008K
  class space    used 2743K, capacity 2872K, committed 2944K, reserved 1048576K
Event: 1.837 GC heap after
Heap after GC invocations=4 (full 1):
 PSYoungGen      total 75264K, used 0K [0x000000076c180000, 0x0000000775480000, 0x00000007c0000000)
  eden space 64512K, 0% used [0x000000076c180000,0x000000076c180000,0x0000000770080000)
  from space 10752K, 0% used [0x0000000770080000,0x0000000770080000,0x0000000770b00000)
  to   space 10752K, 0% used [0x0000000774a00000,0x0000000774a00000,0x0000000775480000)
 ParOldGen       total 100864K, used 7814K [0x00000006c4400000, 0x00000006ca680000, 0x000000076c180000)
  object space 100864K, 7% used [0x00000006c4400000,0x00000006c4ba1a08,0x00000006ca680000)
 Metaspace       used 20559K, capacity 21164K, committed 21296K, reserved 1067008K
  class space    used 2742K, capacity 2871K, committed 2944K, reserved 1048576K
}
Event: 2.275 GC heap before
{Heap before GC invocations=5 (full 1):
 PSYoungGen      total 75264K, used 64512K [0x000000076c180000, 0x0000000775480000, 0x00000007c0000000)
  eden space 64512K, 100% used [0x000000076c180000,0x0000000770080000,0x0000000770080000)
  from space 10752K, 0% used [0x0000000770080000,0x0000000770080000,0x0000000770b00000)
  to   space 10752K, 0% used [0x0000000774a00000,0x0000000774a00000,0x0000000775480000)
 ParOldGen       total 100864K, used 7814K [0x00000006c4400000, 0x00000006ca680000, 0x000000076c180000)
  object space 100864K, 7% used [0x00000006c4400000,0x00000006c4ba1a08,0x00000006ca680000)
 Metaspace       used 25528K, capacity 26540K, committed 26752K, reserved 1073152K
  class space    used 3388K, capacity 3587K, committed 3712K, reserved 1048576K
Event: 2.287 GC heap after
Heap after GC invocations=5 (full 1):
 PSYoungGen      total 111104K, used 10225K [0x000000076c180000, 0x0000000775400000, 0x00000007c0000000)
  eden space 100864K, 0% used [0x000000076c180000,0x000000076c180000,0x0000000772400000)
  from space 10240K, 99% used [0x0000000774a00000,0x00000007753fc788,0x0000000775400000)
  to   space 10752K, 0% used [0x0000000773f00000,0x0000000773f00000,0x0000000774980000)
 ParOldGen       total 100864K, used 7822K [0x00000006c4400000, 0x00000006ca680000, 0x000000076c180000)
  object space 100864K, 7% used [0x00000006c4400000,0x00000006c4ba3a08,0x00000006ca680000)
 Metaspace       used 25528K, capacity 26540K, committed 26752K, reserved 1073152K
  class space    used 3388K, capacity 3587K, committed 3712K, reserved 1048576K
}
Event: 3.155 GC heap before
{Heap before GC invocations=6 (full 1):
 PSYoungGen      total 111104K, used 111089K [0x000000076c180000, 0x0000000775400000, 0x00000007c0000000)
  eden space 100864K, 100% used [0x000000076c180000,0x0000000772400000,0x0000000772400000)
  from space 10240K, 99% used [0x0000000774a00000,0x00000007753fc788,0x0000000775400000)
  to   space 10752K, 0% used [0x0000000773f00000,0x0000000773f00000,0x0000000774980000)
 ParOldGen       total 100864K, used 7822K [0x00000006c4400000, 0x00000006ca680000, 0x000000076c180000)
  object space 100864K, 7% used [0x00000006c4400000,0x00000006c4ba3a08,0x00000006ca680000)
 Metaspace       used 30468K, capacity 31550K, committed 31872K, reserved 1077248K
  class space    used 4232K, capacity 4428K, committed 4480K, reserved 1048576K
Event: 3.166 GC heap after
Heap after GC invocations=6 (full 1):
 PSYoungGen      total 139264K, used 10740K [0x000000076c180000, 0x0000000777000000, 0x00000007c0000000)
  eden space 128512K, 0% used [0x000000076c180000,0x000000076c180000,0x0000000773f00000)
  from space 10752K, 99% used [0x0000000773f00000,0x000000077497d2a0,0x0000000774980000)
  to   space 12288K, 0% used [0x0000000776400000,0x0000000776400000,0x0000000777000000)
 ParOldGen       total 100864K, used 8376K [0x00000006c4400000, 0x00000006ca680000, 0x000000076c180000)
  object space 100864K, 8% used [0x00000006c4400000,0x00000006c4c2e3d0,0x00000006ca680000)
 Metaspace       used 30468K, capacity 31550K, committed 31872K, reserved 1077248K
  class space    used 4232K, capacity 4428K, committed 4480K, reserved 1048576K
}

Deoptimization events (10 events):
Event: 2.931 Thread 0x0000000003379000 Uncommon trap: reason=bimorphic action=maybe_recompile pc=0x0000000003cebb3c method=java.util.AbstractList$Itr.next()Ljava/lang/Object; @ 14
Event: 2.931 Thread 0x0000000003379000 Uncommon trap: reason=bimorphic action=maybe_recompile pc=0x0000000003cebb3c method=java.util.AbstractList$Itr.next()Ljava/lang/Object; @ 14
Event: 2.931 Thread 0x0000000003379000 Uncommon trap: reason=bimorphic action=maybe_recompile pc=0x0000000003cebb3c method=java.util.AbstractList$Itr.next()Ljava/lang/Object; @ 14
Event: 3.080 Thread 0x0000000003379000 Uncommon trap: reason=uninitialized action=reinterpret pc=0x0000000003ed9218 method=sun.instrument.TransformerManager.transform(Ljava/lang/ClassLoader;Ljava/lang/String;Ljava/lang/Class;Ljava/security/ProtectionDomain;[B)[B @ 33
Event: 3.081 Thread 0x0000000003379000 Uncommon trap: reason=uninitialized action=reinterpret pc=0x0000000003ed8ea4 method=sun.instrument.TransformerManager.transform(Ljava/lang/ClassLoader;Ljava/lang/String;Ljava/lang/Class;Ljava/security/ProtectionDomain;[B)[B @ 33
Event: 3.674 Thread 0x0000000003379000 Uncommon trap: reason=unreached action=reinterpret pc=0x00000000040381b0 method=java.lang.reflect.Method.equals(Ljava/lang/Object;)Z @ 1
Event: 4.074 Thread 0x0000000003379000 Uncommon trap: reason=array_check action=maybe_recompile pc=0x000000000436eda0 method=java.util.AbstractCollection.toArray([Ljava/lang/Object;)[Ljava/lang/Object; @ 119
Event: 4.074 Thread 0x0000000003379000 Uncommon trap: reason=array_check action=maybe_recompile pc=0x000000000436eda0 method=java.util.AbstractCollection.toArray([Ljava/lang/Object;)[Ljava/lang/Object; @ 119
Event: 4.074 Thread 0x0000000003379000 Uncommon trap: reason=array_check action=maybe_recompile pc=0x000000000436eda0 method=java.util.AbstractCollection.toArray([Ljava/lang/Object;)[Ljava/lang/Object; @ 119
Event: 4.075 Thread 0x0000000003379000 Uncommon trap: reason=array_check action=maybe_recompile pc=0x000000000436eda0 method=java.util.AbstractCollection.toArray([Ljava/lang/Object;)[Ljava/lang/Object; @ 119

Internal exceptions (10 events):
Event: 4.063 Thread 0x0000000003379000 Exception <a 'java/security/PrivilegedActionException'> (0x0000000772f70db0) thrown at [D:\re\workspace\8-2-build-windows-amd64-cygwin\jdk8u20\1074\hotspot\src\share\vm\prims\jvm.cpp, line 1275]
Event: 4.063 Thread 0x0000000003379000 Exception <a 'java/lang/ClassNotFoundException': java/lang/ObjectCustomizer> (0x0000000772f712e8) thrown at [D:\re\workspace\8-2-build-windows-amd64-cygwin\jdk8u20\1074\hotspot\src\share\vm\classfile\systemDictionary.cpp, line 202]
Event: 4.063 Thread 0x0000000003379000 Exception <a 'java/security/PrivilegedActionException'> (0x0000000772f76378) thrown at [D:\re\workspace\8-2-build-windows-amd64-cygwin\jdk8u20\1074\hotspot\src\share\vm\prims\jvm.cpp, line 1275]
Event: 4.063 Thread 0x0000000003379000 Exception <a 'java/security/PrivilegedActionException'> (0x0000000772f8d5f0) thrown at [D:\re\workspace\8-2-build-windows-amd64-cygwin\jdk8u20\1074\hotspot\src\share\vm\prims\jvm.cpp, line 1275]
Event: 4.063 Thread 0x0000000003379000 Exception <a 'java/security/PrivilegedActionException'> (0x0000000772f8e5f8) thrown at [D:\re\workspace\8-2-build-windows-amd64-cygwin\jdk8u20\1074\hotspot\src\share\vm\prims\jvm.cpp, line 1275]
Event: 4.064 Thread 0x0000000003379000 Exception <a 'java/security/PrivilegedActionException'> (0x0000000772fa5870) thrown at [D:\re\workspace\8-2-build-windows-amd64-cygwin\jdk8u20\1074\hotspot\src\share\vm\prims\jvm.cpp, line 1275]
Event: 4.064 Thread 0x0000000003379000 Exception <a 'java/lang/ClassNotFoundException': org/springframework/boot/autoconfigure/http/HttpMessageConvertersCustomizer> (0x0000000772fa5e08) thrown at [D:\re\workspace\8-2-build-windows-amd64-cygwin\jdk8u20\1074\hotspot\src\share\vm\classfile\systemDPødA@
Event: 4.064 Thread 0x0000000003379000 Exception <a 'java/security/PrivilegedActionException'> (0x0000000772fb00a0) thrown at [D:\re\workspace\8-2-build-windows-amd64-cygwin\jdk8u20\1074\hotspot\src\share\vm\prims\jvm.cpp, line 1275]
Event: 4.064 Thread 0x0000000003379000 Exception <a 'java/security/PrivilegedActionException'> (0x0000000772fbc3c0) thrown at [D:\re\workspace\8-2-build-windows-amd64-cygwin\jdk8u20\1074\hotspot\src\share\vm\prims\jvm.cpp, line 1275]
Event: 4.064 Thread 0x0000000003379000 Exception <a 'java/lang/ClassNotFoundException': java/lang/IterableCustomizer> (0x0000000772fbc8f8) thrown at [D:\re\workspace\8-2-build-windows-amd64-cygwin\jdk8u20\1074\hotspot\src\share\vm\classfile\systemDictionary.cpp, line 202]

Events (10 events):
Event: 4.074 Thread 0x0000000003379000 DEOPT UNPACKING pc=0x000000000368556a sp=0x000000000336cca8 mode 2
Event: 4.074 Thread 0x0000000003379000 Uncommon trap: trap_request=0xffffffd6 fr.pc=0x000000000436eda0
Event: 4.074 Thread 0x0000000003379000 DEOPT PACKING pc=0x000000000436eda0 sp=0x000000000336cb60
Event: 4.074 Thread 0x0000000003379000 DEOPT UNPACKING pc=0x000000000368556a sp=0x000000000336cb38 mode 2
Event: 4.074 Thread 0x0000000003379000 Uncommon trap: trap_request=0xffffffd6 fr.pc=0x000000000436eda0
Event: 4.074 Thread 0x0000000003379000 DEOPT PACKING pc=0x000000000436eda0 sp=0x000000000336cb50
Event: 4.074 Thread 0x0000000003379000 DEOPT UNPACKING pc=0x000000000368556a sp=0x000000000336cb28 mode 2
Event: 4.075 Thread 0x0000000003379000 Uncommon trap: trap_request=0xffffffd6 fr.pc=0x000000000436eda0
Event: 4.075 Thread 0x0000000003379000 DEOPT PACKING pc=0x000000000436eda0 sp=0x000000000336ca70
Event: 4.075 Thread 0x0000000003379000 DEOPT UNPACKING pc=0x000000000368556a sp=0x000000000336ca48 mode 2


Dynamic libraries:
0x00007ff6b38b0000 - 0x00007ff6b38e4000 	C:\Program Files\Java\jdk1.8.0_20\bin\java.exe
0x00007ff82b7f0000 - 0x00007ff82b9dd000 	C:\Windows\SYSTEM32\ntdll.dll
0x00007ff82b6f0000 - 0x00007ff82b7a3000 	C:\Windows\System32\KERNEL32.DLL
0x00007ff827960000 - 0x00007ff827bf3000 	C:\Windows\System32\KERNELBASE.dll
0x00007ff829100000 - 0x00007ff8291a3000 	C:\Windows\System32\ADVAPI32.dll
0x00007ff828c90000 - 0x00007ff828d2e000 	C:\Windows\System32\msvcrt.dll
0x00007ff829800000 - 0x00007ff82989e000 	C:\Windows\System32\sechost.dll
0x00007ff828fd0000 - 0x00007ff8290f2000 	C:\Windows\System32\RPCRT4.dll
0x00007ff829350000 - 0x00007ff8294e7000 	C:\Windows\System32\USER32.dll
0x00007ff827c20000 - 0x00007ff827c40000 	C:\Windows\System32\win32u.dll
0x00007ff8297d0000 - 0x00007ff8297f9000 	C:\Windows\System32\GDI32.dll
0x00007ff828590000 - 0x00007ff82872a000 	C:\Windows\System32\gdi32full.dll
0x00007ff8278c0000 - 0x00007ff827960000 	C:\Windows\System32\msvcp_win.dll
0x00007ff828410000 - 0x00007ff82850a000 	C:\Windows\System32\ucrtbase.dll
0x00007ff816bc0000 - 0x00007ff816e39000 	C:\Windows\WinSxS\amd64_microsoft.windows.common-controls_6595b64144ccf1df_6.0.17763.503_none_05b23ef40721f4ae\COMCTL32.dll
0x00007ff8298a0000 - 0x00007ff829bcc000 	C:\Windows\System32\combase.dll
0x00007ff828390000 - 0x00007ff82840e000 	C:\Windows\System32\bcryptPrimitives.dll
0x00007ff829620000 - 0x00007ff82964e000 	C:\Windows\System32\IMM32.DLL
0x000000005a260000 - 0x000000005a332000 	C:\Program Files\Java\jdk1.8.0_20\jre\bin\msvcr100.dll
0x0000000059a00000 - 0x000000005a258000 	C:\Program Files\Java\jdk1.8.0_20\jre\bin\server\jvm.dll
0x00007ff828db0000 - 0x00007ff828db8000 	C:\Windows\System32\PSAPI.DLL
0x00007ff822500000 - 0x00007ff822509000 	C:\Windows\SYSTEM32\WSOCK32.dll
0x00007ff822b80000 - 0x00007ff822ba4000 	C:\Windows\SYSTEM32\WINMM.dll
0x00007ff8291b0000 - 0x00007ff82921d000 	C:\Windows\System32\WS2_32.dll
0x00007ff822b50000 - 0x00007ff822b7d000 	C:\Windows\SYSTEM32\winmmbase.dll
0x00007ff828540000 - 0x00007ff82858a000 	C:\Windows\System32\cfgmgr32.dll
0x00000000599f0000 - 0x00000000599ff000 	C:\Program Files\Java\jdk1.8.0_20\jre\bin\verify.dll
0x00000000599c0000 - 0x00000000599e8000 	C:\Program Files\Java\jdk1.8.0_20\jre\bin\java.dll
0x00000000595b0000 - 0x00000000595d3000 	C:\Program Files\Java\jdk1.8.0_20\jre\bin\instrument.dll
0x00000000599a0000 - 0x00000000599b6000 	C:\Program Files\Java\jdk1.8.0_20\jre\bin\zip.dll
0x00007ff829bd0000 - 0x00007ff82b0c0000 	C:\Windows\System32\SHELL32.dll
0x00007ff829220000 - 0x00007ff8292c8000 	C:\Windows\System32\shcore.dll
0x00007ff827c40000 - 0x00007ff82838a000 	C:\Windows\System32\windows.storage.dll
0x00007ff827890000 - 0x00007ff8278b4000 	C:\Windows\System32\profapi.dll
0x00007ff827810000 - 0x00007ff82786d000 	C:\Windows\System32\powrprof.dll
0x00007ff8295c0000 - 0x00007ff829612000 	C:\Windows\System32\shlwapi.dll
0x00007ff8277f0000 - 0x00007ff827801000 	C:\Windows\System32\kernel.appcore.dll
0x00007ff827c00000 - 0x00007ff827c17000 	C:\Windows\System32\cryptsp.dll
0x00000000597e0000 - 0x00000000597fa000 	C:\Program Files\Java\jdk1.8.0_20\jre\bin\net.dll
0x00007ff827070000 - 0x00007ff8270d7000 	C:\Windows\system32\mswsock.dll
0x00000000597c0000 - 0x00000000597d1000 	C:\Program Files\Java\jdk1.8.0_20\jre\bin\nio.dll
0x00007ff826dd0000 - 0x00007ff826e0d000 	C:\Windows\SYSTEM32\IPHLPAPI.DLL
0x00007ff82b7b0000 - 0x00007ff82b7b8000 	C:\Windows\System32\NSI.dll
0x00007ff8230a0000 - 0x00007ff8230b6000 	C:\Windows\SYSTEM32\dhcpcsvc6.DLL
0x00007ff823050000 - 0x00007ff82306c000 	C:\Windows\SYSTEM32\dhcpcsvc.DLL
0x00007ff826e10000 - 0x00007ff826ed6000 	C:\Windows\SYSTEM32\DNSAPI.dll
0x00000000595a0000 - 0x00000000595ad000 	C:\Program Files\Java\jdk1.8.0_20\jre\bin\management.dll
0x00007ff81f210000 - 0x00007ff81f226000 	C:\Windows\system32\napinsp.dll
0x00007ff81f1c0000 - 0x00007ff81f1da000 	C:\Windows\system32\pnrpnsp.dll
0x00007ff81f230000 - 0x00007ff81f23e000 	C:\Windows\System32\winrnr.dll
0x00007ff825760000 - 0x00007ff82577b000 	C:\Windows\system32\NLAapi.dll
0x00007ff81f1e0000 - 0x00007ff81f1f5000 	C:\Windows\system32\wshbth.dll
0x00007ff81f5c0000 - 0x00007ff81f5ca000 	C:\Windows\System32\rasadhlp.dll
0x00007ff823250000 - 0x00007ff8232c9000 	C:\Windows\System32\fwpuclnt.dll
0x00007ff828510000 - 0x00007ff828536000 	C:\Windows\System32\bcrypt.dll
0x00007ff826c30000 - 0x00007ff826c63000 	C:\Windows\system32\rsaenh.dll
0x00007ff827720000 - 0x00007ff827748000 	C:\Windows\SYSTEM32\USERENV.dll
0x00007ff827240000 - 0x00007ff82724c000 	C:\Windows\SYSTEM32\CRYPTBASE.dll
0x0000000059180000 - 0x0000000059189000 	C:\Program Files\Java\jdk1.8.0_20\jre\bin\attach.dll
0x00007ff81ab00000 - 0x00007ff81aced000 	C:\Windows\SYSTEM32\dbghelp.dll

VM Arguments:
jvm_args: -ea -Didea.test.cyclic.buffer.size=1048576 -javaagent:C:\Users\e.kvasov\AppData\Local\JetBrains\Toolbox\apps\IDEA-U\ch-0\192.5728.12\lib\idea_rt.jar=54797:C:\Users\e.kvasov\AppData\Local\JetBrains\Toolbox\apps\IDEA-U\ch-0\192.5728.12/bin -Dfile.encoding=UTF-8 
java_command: com.intellij.rt.execution.junit.JUnitStarter -ideVersion5 -junit4 com.godeltech.pt11.rest.CarControllerApiTest
java_class_path (initial): C:\Users\e.kvasov\AppData\Local\JetBrains\Toolbox\apps\IDEA-U\ch-0\192.5728.12\lib\idea_rt.jar;C:\Users\e.kvasov\AppData\Local\JetBrains\Toolbox\apps\IDEA-U\ch-0\192.5728.12\plugins\junit\lib\junit-rt.jar;C:\Users\e.kvasov\AppData\Local\JetBrains\Toolbox\apps\IDEA-U\ch-0\192.5728.12\plugins\junit\lib\junit5-rt.jar;C:\Program Files\Java\jdk1.8.0_20\jre\lib\charsets.jar;C:\Program Files\Java\jdk1.8.0_20\jre\lib\deploy.jar;C:\Program Files\Java\jdk1.8.0_20\jre\lib\ext\access-bridge-64.jar;C:\Program Files\Java\jdk1.8.0_20\jre\lib\ext\cldrdata.jar;C:\Program Files\Java\jdk1.8.0_20\jre\lib\ext\dnsns.jar;C:\Program Files\Java\jdk1.8.0_20\jre\lib\ext\jaccess.jar;C:\Program Files\Java\jdk1.8.0_20\jre\lib\ext\jfxrt.jar;C:\Program Files\Java\jdk1.8.0_20\jre\lib\ext\localedata.jar;C:\Program Files\Java\jdk1.8.0_20\jre\lib\ext\nashorn.jar;C:\Program Files\Java\jdk1.8.0_20\jre\lib\ext\sunec.jar;C:\Program Files\Java\jdk1.8.0_20\jre\lib\ext\sunjce_provider.jar;C:\Program Files\Java\jdk1.8.0_20\jre\lib\ext\sunmscapi.jar;C:\Program Files\Java\jdk1.8.0_20\jre\lib\ext\sunpkcs11.jar;C:\Program Files\Java\jdk1.8.0_20\jre\lib\ext\zipfs.jar;C:\Program Files\Java\jdk1.8.0_20\jre\lib\javaws.jar;C:\Program Files\Java\jdk1.8.0_20\jre\lib\jce.jar;C:\Program Files\Java\jdk1.8.0_20\jre\lib\jfr.jar;C:\Program Files\Java\jdk1.8.0_20\jre\lib\jfxswt.jar;C:\Program Files\Java\jdk1.8.0_20\jre\lib\jsse.jar;C:\Program Files\Java\jdk1.8.0_20\jre\lib\management-agent.jar;C:\Program Files\Java\jdk1.8.0_20\jre\lib\plugin.jar;C:\Program Files\Java\jdk1.8.0_20\jre\lib\resources.jar;C:\Program Files\Java\jdk1.8.0_20\jre\lib\rt.jar;D:\Desktop\projects\MasteryJavaProject\lesson-11-springboot-rest-12-exceptionhandling-logging\target\test-classes;D:\Desktop\projects\MasteryJavaProject\lesson-11-springboot-rest-12-exceptionhandling-logging\target\classes;C:\Users\e.kvasov\.m2\repository\org\springframework\boot\spring-boot-starter-web\2.0.1.RELEASE\spring-boot-starter-web-2.0.1.RELEASE
Launcher Type: SUN_STANDARD

Environment Variables:
JAVA_HOME=C:\Program Files\Java\jdk1.8.0_20
PATH=C:\Users\e.kvasov\AppData\Local\JetBrains\Toolbox\apps\IDEA-U\ch-0\192.5728.12\jbr\\bin;C:\Users\e.kvasov\AppData\Local\JetBrains\Toolbox\apps\IDEA-U\ch-0\192.5728.12\jbr\\bin\server;C:\ProgramData\Oracle\Java\javapath;C:\Windows\system32;C:\Windows;C:\Windows\System32\Wbem;C:\Windows\System32\WindowsPowerShell\v1.0\;C:\Windows\System32\OpenSSH\;D:\maven\bin;C:\Program Files\Git\cmd;C:\Program Files\MySQL\MySQL Utilities 1.6\;C:\Go\bin;C:\Program Files\MySQL\MySQL Shell 8.0\bin\;C:\Users\e.kvasov\go\bin
USERNAME=e.kvasov
OS=Windows_NT
PROCESSOR_IDENTIFIER=AMD64 Family 21 Model 2 Stepping 0, AuthenticAMD



---------------  S Y S T E M  ---------------

OS: Windows 8.1 , 64 bit Build 9600 

CPU:total 8 (8 cores per cpu, 1 threads per core) family 21 model 2 stepping 0, cmov, cx8, fxsr, mmx, sse, sse2, sse3, ssse3, sse4.1, sse4.2, popcnt, avx, aes, clmul, mmxext, 3dnowpref, lzcnt, sse4a, tsc, tscinvbit, tscinv, bmi1

Memory: 4k page, physical 16496756k(7537976k free), swap 18987124k(4725732k free)

vm_info: Java HotSpot(TM) 64-Bit Server VM (25.20-b23) for windows-amd64 JRE (1.8.0_20-b26), built on Jul 30 2014 13:51:23 by "java_re" with MS VC++ 10.0 (VS2010)

time: Tue Jul 16 14:44:30 2019
elapsed time: 4 seconds (0d 0h 0m 4s)

